<?xml version="1.0" encoding="UTF-8"?>
<!-- Generated by org.testng.reporters.JUnitXMLReporter -->
<testsuite hostname="nvginws168" ignored="0" name="Default test" tests="3" failures="0" timestamp="20 Nov 2018 10:00:08 GMT" time="0.051" errors="0">
  <testcase name="test1" time="0.015" classname="testng_Demo.GroupingTest"/>
  <testcase name="test2" time="0.003" classname="testng_Demo.GroupingTest"/>
  <testcase name="test3" time="0.003" classname="testng_Demo.GroupingTest"/>
</testsuite> <!-- Default test -->
