<?xml version="1.0" encoding="UTF-8"?>
<testng-results skipped="0" failed="0" ignored="0" total="0" passed="0">
  <reporter-output>
  </reporter-output>
  <suite name="TestNG" duration-ms="6" started-at="2018-12-13T11:38:01Z" finished-at="2018-12-13T11:38:01Z">
    <groups>
    </groups>
    <test name="AnnotationNG" duration-ms="6" started-at="2018-12-13T11:38:01Z" finished-at="2018-12-13T11:38:01Z">
      <class name="TestNG_Practice.AnnotationNG">
        <test-method status="PASS" signature="BS()[pri:0, instance:TestNG_Practice.AnnotationNG@26be92ad]" name="BS" is-config="true" duration-ms="9" started-at="2018-12-13T11:38:01Z" finished-at="2018-12-13T11:38:01Z">
          <reporter-output>
          </reporter-output>
        </test-method> <!-- BS -->
      </class> <!-- TestNG_Practice.AnnotationNG -->
    </test> <!-- AnnotationNG -->
  </suite> <!-- TestNG -->
</testng-results>
